<?xml version="1.0" encoding="UTF-8"?>
<testsuite xmlns:xsi="http://www.w3.org/2001/XMLSchema-instance" xsi:noNamespaceSchemaLocation="https://maven.apache.org/surefire/maven-surefire-plugin/xsd/surefire-test-report-3.0.xsd" version="3.0" name="runner.CucumberTestRunner" time="78.448" tests="4" errors="1" skipped="0" failures="0">
  <properties>
[...]
</properties>
  <testcase name="Добавление нового овоща" classname="Food Management" time="24.118">
    <system-out><![CDATA[
@all
Scenario: Добавление нового овоща                                                             # src/test/resources/food.feature:4
  Given I navigate to the food page                                                           # steps.StepDefinitions.iNavigateToTheFoodPage()
  When I click the "Add" button                                                               # steps.StepDefinitions.iClickTheButton(java.lang.String)
  And I enter the name "Кабачок"                                                              # steps.StepDefinitions.iEnterTheName(java.lang.String)
  And I select type "VEGETABLE"                                                               # steps.StepDefinitions.iSelectType(java.lang.String)
  And I save the item                                                                         # steps.StepDefinitions.iSaveTheItem()
  Then the item "Кабачок" with type "Овощ" and exotic "false" should be present in the list   # steps.StepDefinitions.theItemShouldBePresentInTheList(java.lang.String,java.lang.String,java.lang.String)
  And the database should contain the item "Кабачок" with type "VEGETABLE" and exotic "false" # steps.StepDefinitions.theDatabaseShouldContainTheItem(java.lang.String,java.lang.String,java.lang.String)
]]></system-out>
    <system-err><![CDATA[дек. 05, 2024 5:37:21 AM org.openqa.selenium.devtools.CdpVersionFinder findNearestMatch
WARNING: Unable to find CDP implementation matching 131
дек. 05, 2024 5:37:21 AM org.openqa.selenium.chromium.ChromiumDriver lambda$new$5
WARNING: Unable to find version of CDP to use for 131.0.6778.87. You may need to include a dependency on a specific version of the CDP using something similar to `org.seleniumhq.selenium:selenium-devtools-v86:4.18.1` where the version ("v86") matches the version of the chromium-based browser you're using and the version number of the artifact is the same as Selenium's.
]]></system-err>
  </testcase>
  <testcase name="Добавление нового фрукта" classname="Food Management" time="17.96">
    <error message="stale element reference: stale element not found&#10;  (Session info: chrome=131.0.6778.87)&#10;For documentation on this error, please visit: https://www.selenium.dev/documentation/webdriver/troubleshooting/errors#stale-element-reference-exception&#10;Build info: version: &apos;4.18.1&apos;, revision: &apos;b1d3319b48&apos;&#10;System info: os.name: &apos;Mac OS X&apos;, os.arch: &apos;x86_64&apos;, os.version: &apos;12.4&apos;, java.version: &apos;19.0.1&apos;&#10;Driver info: org.openqa.selenium.chrome.ChromeDriver&#10;Command: [ad010c8c5470e4557499361cbbd0a51e, findChildElement {value=td:nth-child(2), id=f.67EA518030FD86145701428450EC2943.d.3377F9932C655D0264989AFD9C2738C5.e.21, using=css selector}]&#10;Capabilities {acceptInsecureCerts: false, browserName: chrome, browserVersion: 131.0.6778.87, chrome: {chromedriverVersion: 131.0.6778.85 (3d81e41b6f3a..., userDataDir: /var/folders/fk/rkvgl6wj1rs...}, fedcm:accounts: true, goog:chromeOptions: {debuggerAddress: localhost:56025}, networkConnectionEnabled: false, pageLoadStrategy: normal, platformName: mac, proxy: Proxy(), se:cdp: ws://localhost:56025/devtoo..., se:cdpVersion: 131.0.6778.87, setWindowRect: true, strictFileInteractability: false, timeouts: {implicit: 0, pageLoad: 300000, script: 30000}, unhandledPromptBehavior: dismiss and notify, webauthn:extension:credBlob: true, webauthn:extension:largeBlob: true, webauthn:extension:minPinLength: true, webauthn:extension:prf: true, webauthn:virtualAuthenticators: true}&#10;Session ID: ad010c8c5470e4557499361cbbd0a51e" type="org.openqa.selenium.StaleElementReferenceException"><![CDATA[org.openqa.selenium.StaleElementReferenceException: 
stale element reference: stale element not found
  (Session info: chrome=131.0.6778.87)
For documentation on this error, please visit: https://www.selenium.dev/documentation/webdriver/troubleshooting/errors#stale-element-reference-exception
Build info: version: '4.18.1', revision: 'b1d3319b48'
System info: os.name: 'Mac OS X', os.arch: 'x86_64', os.version: '12.4', java.version: '19.0.1'
Driver info: org.openqa.selenium.chrome.ChromeDriver
Command: [ad010c8c5470e4557499361cbbd0a51e, findChildElement {value=td:nth-child(2), id=f.67EA518030FD86145701428450EC2943.d.3377F9932C655D0264989AFD9C2738C5.e.21, using=css selector}]
Capabilities {acceptInsecureCerts: false, browserName: chrome, browserVersion: 131.0.6778.87, chrome: {chromedriverVersion: 131.0.6778.85 (3d81e41b6f3a..., userDataDir: /var/folders/fk/rkvgl6wj1rs...}, fedcm:accounts: true, goog:chromeOptions: {debuggerAddress: localhost:56025}, networkConnectionEnabled: false, pageLoadStrategy: normal, platformName: mac, proxy: Proxy(), se:cdp: ws://localhost:56025/devtoo..., se:cdpVersion: 131.0.6778.87, setWindowRect: true, strictFileInteractability: false, timeouts: {implicit: 0, pageLoad: 300000, script: 30000}, unhandledPromptBehavior: dismiss and notify, webauthn:extension:credBlob: true, webauthn:extension:largeBlob: true, webauthn:extension:minPinLength: true, webauthn:extension:prf: true, webauthn:virtualAuthenticators: true}
Session ID: ad010c8c5470e4557499361cbbd0a51e
	at java.base/jdk.internal.reflect.DirectConstructorHandleAccessor.newInstance(DirectConstructorHandleAccessor.java:67)
	at java.base/java.lang.reflect.Constructor.newInstanceWithCaller(Constructor.java:500)
	at java.base/java.lang.reflect.Constructor.newInstance(Constructor.java:484)
	at org.openqa.selenium.remote.ErrorCodec.decode(ErrorCodec.java:167)
	at org.openqa.selenium.remote.codec.w3c.W3CHttpResponseCodec.decode(W3CHttpResponseCodec.java:138)
	at org.openqa.selenium.remote.codec.w3c.W3CHttpResponseCodec.decode(W3CHttpResponseCodec.java:50)
	at org.openqa.selenium.remote.HttpCommandExecutor.execute(HttpCommandExecutor.java:190)
	at org.openqa.selenium.remote.service.DriverCommandExecutor.invokeExecute(DriverCommandExecutor.java:216)
	at org.openqa.selenium.remote.service.DriverCommandExecutor.execute(DriverCommandExecutor.java:174)
	at org.openqa.selenium.remote.RemoteWebDriver.execute(RemoteWebDriver.java:519)
	at org.openqa.selenium.remote.ElementLocation$ElementFinder$2.findElement(ElementLocation.java:165)
	at org.openqa.selenium.remote.ElementLocation.findElement(ElementLocation.java:59)
	at org.openqa.selenium.remote.RemoteWebDriver.findElement(RemoteWebDriver.java:356)
	at org.openqa.selenium.remote.RemoteWebElement.findElement(RemoteWebElement.java:211)
	at pages.FoodPage.checkNewItem(FoodPage.java:72)
	at steps.StepDefinitions.theItemShouldBePresentInTheList(StepDefinitions.java:74)
	at ✽.the item "Папая" with type "Фрукт" and exotic "true" should be present in the list(file:///Users/ageev/Downloads/steps/src/test/resources/food.feature:21)
]]></error>
    <system-out><![CDATA[
@all
Scenario: Добавление нового фрукта                                                        # src/test/resources/food.feature:14
  Given I navigate to the food page                                                       # steps.StepDefinitions.iNavigateToTheFoodPage()
  When I click the "Add" button                                                           # steps.StepDefinitions.iClickTheButton(java.lang.String)
  And I enter the name "Папая"                                                            # steps.StepDefinitions.iEnterTheName(java.lang.String)
  And I select type "FRUIT"                                                               # steps.StepDefinitions.iSelectType(java.lang.String)
  And I mark the item as exotic                                                           # steps.StepDefinitions.iMarkTheItemAsExotic()
  And I save the item                                                                     # steps.StepDefinitions.iSaveTheItem()
  Then the item "Папая" with type "Фрукт" and exotic "true" should be present in the list # steps.StepDefinitions.theItemShouldBePresentInTheList(java.lang.String,java.lang.String,java.lang.String)
      org.openqa.selenium.StaleElementReferenceException: stale element reference: stale element not found
  (Session info: chrome=131.0.6778.87)
For documentation on this error, please visit: https://www.selenium.dev/documentation/webdriver/troubleshooting/errors#stale-element-reference-exception
Build info: version: '4.18.1', revision: 'b1d3319b48'
System info: os.name: 'Mac OS X', os.arch: 'x86_64', os.version: '12.4', java.version: '19.0.1'
Driver info: org.openqa.selenium.chrome.ChromeDriver
Command: [ad010c8c5470e4557499361cbbd0a51e, findChildElement {value=td:nth-child(2), id=f.67EA518030FD86145701428450EC2943.d.3377F9932C655D0264989AFD9C2738C5.e.21, using=css selector}]
Capabilities {acceptInsecureCerts: false, browserName: chrome, browserVersion: 131.0.6778.87, chrome: {chromedriverVersion: 131.0.6778.85 (3d81e41b6f3a..., userDataDir: /var/folders/fk/rkvgl6wj1rs...}, fedcm:accounts: true, goog:chromeOptions: {debuggerAddress: localhost:56025}, networkConnectionEnabled: false, pageLoadStrategy: normal, platformName: mac, proxy: Proxy(), se:cdp: ws://localhost:56025/devtoo..., se:cdpVersion: 131.0.6778.87, setWindowRect: true, strictFileInteractability: false, timeouts: {implicit: 0, pageLoad: 300000, script: 30000}, unhandledPromptBehavior: dismiss and notify, webauthn:extension:credBlob: true, webauthn:extension:largeBlob: true, webauthn:extension:minPinLength: true, webauthn:extension:prf: true, webauthn:virtualAuthenticators: true}
Session ID: ad010c8c5470e4557499361cbbd0a51e
	at java.base/jdk.internal.reflect.DirectConstructorHandleAccessor.newInstance(DirectConstructorHandleAccessor.java:67)
	at java.base/java.lang.reflect.Constructor.newInstanceWithCaller(Constructor.java:500)
	at java.base/java.lang.reflect.Constructor.newInstance(Constructor.java:484)
	at org.openqa.selenium.remote.ErrorCodec.decode(ErrorCodec.java:167)
	at org.openqa.selenium.remote.codec.w3c.W3CHttpResponseCodec.decode(W3CHttpResponseCodec.java:138)
	at org.openqa.selenium.remote.codec.w3c.W3CHttpResponseCodec.decode(W3CHttpResponseCodec.java:50)
	at org.openqa.selenium.remote.HttpCommandExecutor.execute(HttpCommandExecutor.java:190)
	at org.openqa.selenium.remote.service.DriverCommandExecutor.invokeExecute(DriverCommandExecutor.java:216)
	at org.openqa.selenium.remote.service.DriverCommandExecutor.execute(DriverCommandExecutor.java:174)
	at org.openqa.selenium.remote.RemoteWebDriver.execute(RemoteWebDriver.java:519)
	at org.openqa.selenium.remote.ElementLocation$ElementFinder$2.findElement(ElementLocation.java:165)
	at org.openqa.selenium.remote.ElementLocation.findElement(ElementLocation.java:59)
	at org.openqa.selenium.remote.RemoteWebDriver.findElement(RemoteWebDriver.java:356)
	at org.openqa.selenium.remote.RemoteWebElement.findElement(RemoteWebElement.java:211)
	at pages.FoodPage.checkNewItem(FoodPage.java:72)
	at steps.StepDefinitions.theItemShouldBePresentInTheList(StepDefinitions.java:74)
	at ✽.the item "Папая" with type "Фрукт" and exotic "true" should be present in the list(file:///Users/ageev/Downloads/steps/src/test/resources/food.feature:21)

  And the database should contain the item "Папая" with type "FRUIT" and exotic "true"    # steps.StepDefinitions.theDatabaseShouldContainTheItem(java.lang.String,java.lang.String,java.lang.String)
]]></system-out>
    <system-err><![CDATA[дек. 05, 2024 5:37:32 AM org.openqa.selenium.devtools.CdpVersionFinder findNearestMatch
WARNING: Unable to find CDP implementation matching 131
дек. 05, 2024 5:37:32 AM org.openqa.selenium.chromium.ChromiumDriver lambda$new$5
WARNING: Unable to find version of CDP to use for 131.0.6778.87. You may need to include a dependency on a specific version of the CDP using something similar to `org.seleniumhq.selenium:selenium-devtools-v86:4.18.1` where the version ("v86") matches the version of the chromium-based browser you're using and the version number of the artifact is the same as Selenium's.
]]></system-err>
  </testcase>
  <testcase name="Проверка на добавление дубликата" classname="Food Management" time="18.275">
    <system-out><![CDATA[
@all
Scenario: Проверка на добавление дубликата                                               # src/test/resources/food.feature:25
  Given I navigate to the food page                                                      # steps.StepDefinitions.iNavigateToTheFoodPage()
  When I click the "Add" button                                                          # steps.StepDefinitions.iClickTheButton(java.lang.String)
  And I enter the name "Капуста"                                                         # steps.StepDefinitions.iEnterTheName(java.lang.String)
  And I select type "VEGETABLE"                                                          # steps.StepDefinitions.iSelectType(java.lang.String)
  And I save the item                                                                    # steps.StepDefinitions.iSaveTheItem()
id: 2
name: Капуста
type: Овощ
exot: false
id: 5
name: Капуста
type: Овощ
exot: false
  Then the item "Капуста" should not have duplicates in the list                         # steps.StepDefinitions.theItemShouldNotHaveDuplicatesInTheList(java.lang.String)
  And the database should not contain a single entry for "Капуста" with type "VEGETABLE" # steps.StepDefinitions.theDatabaseShouldContainASingleEntryFor(java.lang.String,java.lang.String)
]]></system-out>
    <system-err><![CDATA[дек. 05, 2024 5:37:52 AM org.openqa.selenium.devtools.CdpVersionFinder findNearestMatch
WARNING: Unable to find CDP implementation matching 131
дек. 05, 2024 5:37:52 AM org.openqa.selenium.chromium.ChromiumDriver lambda$new$5
WARNING: Unable to find version of CDP to use for 131.0.6778.87. You may need to include a dependency on a specific version of the CDP using something similar to `org.seleniumhq.selenium:selenium-devtools-v86:4.18.1` where the version ("v86") matches the version of the chromium-based browser you're using and the version number of the artifact is the same as Selenium's.
]]></system-err>
  </testcase>
  <testcase name="Приведение в прежний вид" classname="Food Management" time="16.705">
    <system-out><![CDATA[
@all
Scenario: Приведение в прежний вид     # src/test/resources/food.feature:35
  Given I clean up unwanted food items # steps.StepDefinitions.iCleanUpUnwantedFoodItems()
]]></system-out>
    <system-err><![CDATA[дек. 05, 2024 5:38:15 AM org.openqa.selenium.devtools.CdpVersionFinder findNearestMatch
WARNING: Unable to find CDP implementation matching 131
дек. 05, 2024 5:38:15 AM org.openqa.selenium.chromium.ChromiumDriver lambda$new$5
WARNING: Unable to find version of CDP to use for 131.0.6778.87. You may need to include a dependency on a specific version of the CDP using something similar to `org.seleniumhq.selenium:selenium-devtools-v86:4.18.1` where the version ("v86") matches the version of the chromium-based browser you're using and the version number of the artifact is the same as Selenium's.
]]></system-err>
  </testcase>
</testsuite>